Flutter crash report.
Please report a bug at https://github.com/flutter/flutter/issues.

## command

flutter run

## exception

SocketException: SocketException: Error event raised in event handler : error condition has been reset, port = 0

```
#0      _NativeSocket.multiplex (dart:io-patch/socket_patch.dart:1465:32)
#1      _RawReceivePort._handleMessage (dart:isolate-patch/isolate_patch.dart:189:12)
```

## flutter doctor

```
[✓] Flutter (Channel stable, 3.13.8, on Ubuntu 22.04.3 LTS 6.2.0-36-generic, locale en_US.UTF-8)
    • Flutter version 3.13.8 on channel stable at /home/chris/snap/flutter/common/flutter
    • Upstream repository https://github.com/flutter/flutter.git
    • Framework revision 6c4930c4ac (3 weeks ago), 2023-10-18 10:57:55 -0500
    • Engine revision 767d8c75e8
    • Dart version 3.1.4
    • DevTools version 2.25.0

[✓] Android toolchain - develop for Android devices (Android SDK version 34.0.0)
    • Android SDK at /home/chris/Android/Sdk
    • Platform android-34, build-tools 34.0.0
    • Java binary at: /android-studio/jbr/bin/java
    • Java version OpenJDK Runtime Environment (build 17.0.6+0-17.0.6b829.9-10027231)
    • All Android licenses accepted.

[✓] Chrome - develop for the web
    • Chrome at google-chrome

[✓] Linux toolchain - develop for Linux desktop
    • clang version 10.0.0-4ubuntu1
    • cmake version 3.16.3
    • ninja version 1.10.0
    • pkg-config version 0.29.1

[✓] Android Studio (version 2022.3)
    • Android Studio at /android-studio
    • Flutter plugin can be installed from:
      🔨 https://plugins.jetbrains.com/plugin/9212-flutter
    • Dart plugin can be installed from:
      🔨 https://plugins.jetbrains.com/plugin/6351-dart
    • Java version OpenJDK Runtime Environment (build 17.0.6+0-17.0.6b829.9-10027231)

[✓] Connected device (2 available)
    • Linux (desktop) • linux  • linux-x64      • Ubuntu 22.04.3 LTS 6.2.0-36-generic
    • Chrome (web)    • chrome • web-javascript • Google Chrome 119.0.6045.123

[✓] Network resources
    • All expected network resources are available.

• No issues found!
```
