Flutter crash report.
Please report a bug at https://github.com/flutter/flutter/issues.

## command

flutter create --no-overwrite exercise_companion

## exception

PathNotFoundException: PathNotFoundException: Cannot open file, path = '/home/chris/snap/flutter/common/flutter/version' (OS Error: No such file or directory, errno = 2)

```
#0      _File.throwIfError (dart:io/file_impl.dart:675:7)
#1      _File.openSync (dart:io/file_impl.dart:490:5)
#2      _File.readAsBytesSync (dart:io/file_impl.dart:574:18)
#3      _File.readAsStringSync (dart:io/file_impl.dart:624:18)
#4      ForwardingFile.readAsStringSync (package:file/src/forwarding/forwarding_file.dart:99:16)
#5      ErrorHandlingFile.readAsStringSync.<anonymous closure> (package:flutter_tools/src/base/error_handling_io.dart:218:22)
#6      _runSync (package:flutter_tools/src/base/error_handling_io.dart:590:14)
#7      ErrorHandlingFile.readAsStringSync (package:flutter_tools/src/base/error_handling_io.dart:217:12)
#8      _DefaultPub._updateVersionAndPackageConfig (package:flutter_tools/src/dart/pub.dart:705:50)
#9      _DefaultPub.get (package:flutter_tools/src/dart/pub.dart:332:11)
<asynchronous suspension>
#10     CreateCommand.runCommand (package:flutter_tools/src/commands/create.dart:400:7)
<asynchronous suspension>
#11     FlutterCommand.run.<anonymous closure> (package:flutter_tools/src/runner/flutter_command.dart:1297:27)
<asynchronous suspension>
#12     AppContext.run.<anonymous closure> (package:flutter_tools/src/base/context.dart:150:19)
<asynchronous suspension>
#13     CommandRunner.runCommand (package:args/command_runner.dart:212:13)
<asynchronous suspension>
#14     FlutterCommandRunner.runCommand.<anonymous closure> (package:flutter_tools/src/runner/flutter_command_runner.dart:339:9)
<asynchronous suspension>
#15     AppContext.run.<anonymous closure> (package:flutter_tools/src/base/context.dart:150:19)
<asynchronous suspension>
#16     FlutterCommandRunner.runCommand (package:flutter_tools/src/runner/flutter_command_runner.dart:285:5)
<asynchronous suspension>
#17     run.<anonymous closure>.<anonymous closure> (package:flutter_tools/runner.dart:115:9)
<asynchronous suspension>
#18     AppContext.run.<anonymous closure> (package:flutter_tools/src/base/context.dart:150:19)
<asynchronous suspension>
#19     main (package:flutter_tools/executable.dart:90:3)
<asynchronous suspension>
```

## flutter doctor

```
[32m[✓][39m Flutter (Channel stable, 3.13.0, on Ubuntu 22.04.3 LTS 6.2.0-33-generic, locale en_US.UTF-8)
    [32m•[39m Flutter version 3.13.0 on channel stable at /home/chris/snap/flutter/common/flutter
    [32m•[39m Upstream repository https://github.com/flutter/flutter.git
    [32m•[39m Framework revision efbf63d9c6 (6 weeks ago), 2023-08-15 21:05:06 -0500
    [32m•[39m Engine revision 1ac611c64e
    [32m•[39m Dart version 3.1.0
    [32m•[39m DevTools version 2.25.0

[32m[✓][39m Android toolchain - develop for Android devices (Android SDK version 34.0.0)
    [32m•[39m Android SDK at /home/chris/Android/Sdk
    [32m•[39m Platform android-34, build-tools 34.0.0
    [32m•[39m Java binary at: /android-studio/jbr/bin/java
    [32m•[39m Java version OpenJDK Runtime Environment (build 17.0.6+0-17.0.6b829.9-10027231)
    [32m•[39m All Android licenses accepted.

[32m[✓][39m Chrome - develop for the web
    [32m•[39m Chrome at google-chrome

[32m[✓][39m Linux toolchain - develop for Linux desktop
    [32m•[39m clang version 10.0.0-4ubuntu1
    [32m•[39m cmake version 3.16.3
    [32m•[39m ninja version 1.10.0
    [32m•[39m pkg-config version 0.29.1

[32m[✓][39m Android Studio (version 2022.3)
    [32m•[39m Android Studio at /android-studio
    [32m•[39m Flutter plugin can be installed from:
      🔨 https://plugins.jetbrains.com/plugin/9212-flutter
    [32m•[39m Dart plugin can be installed from:
      🔨 https://plugins.jetbrains.com/plugin/6351-dart
    [32m•[39m Java version OpenJDK Runtime Environment (build 17.0.6+0-17.0.6b829.9-10027231)

[32m[✓][39m Connected device (2 available)
    [32m•[39m Linux (desktop) • linux  • linux-x64      • Ubuntu 22.04.3 LTS 6.2.0-33-generic
    [32m•[39m Chrome (web)    • chrome • web-javascript • Google Chrome 117.0.5938.88

[32m[✓][39m Network resources
    [32m•[39m All expected network resources are available.

[32m•[39m No issues found!
```
